<?xml version="1.0" encoding="UTF-8"?>
<testsuite name="nl.realworks.hellojdk17.HelloJdk17ApplicationTests" tests="1" skipped="0" failures="0" errors="0" timestamp="2021-10-26T11:14:27" hostname="LA-CDURSUN" time="0.291">
  <properties/>
  <testcase name="contextLoads()" classname="nl.realworks.hellojdk17.HelloJdk17ApplicationTests" time="0.291"/>
  <system-out><![CDATA[13:14:20.878 [Test worker] DEBUG org.springframework.test.context.BootstrapUtils - Instantiating CacheAwareContextLoaderDelegate from class [org.springframework.test.context.cache.DefaultCacheAwareContextLoaderDelegate]
13:14:20.890 [Test worker] DEBUG org.springframework.test.context.BootstrapUtils - Instantiating BootstrapContext using constructor [public org.springframework.test.context.support.DefaultBootstrapContext(java.lang.Class,org.springframework.test.context.CacheAwareContextLoaderDelegate)]
13:14:20.920 [Test worker] DEBUG org.springframework.test.context.BootstrapUtils - Instantiating TestContextBootstrapper for test class [nl.realworks.hellojdk17.HelloJdk17ApplicationTests] from class [org.springframework.boot.test.context.SpringBootTestContextBootstrapper]
13:14:20.936 [Test worker] INFO org.springframework.boot.test.context.SpringBootTestContextBootstrapper - Neither @ContextConfiguration nor @ContextHierarchy found for test class [nl.realworks.hellojdk17.HelloJdk17ApplicationTests], using SpringBootContextLoader
13:14:20.941 [Test worker] DEBUG org.springframework.test.context.support.AbstractContextLoader - Did not detect default resource location for test class [nl.realworks.hellojdk17.HelloJdk17ApplicationTests]: class path resource [nl/realworks/hellojdk17/HelloJdk17ApplicationTests-context.xml] does not exist
13:14:20.941 [Test worker] DEBUG org.springframework.test.context.support.AbstractContextLoader - Did not detect default resource location for test class [nl.realworks.hellojdk17.HelloJdk17ApplicationTests]: class path resource [nl/realworks/hellojdk17/HelloJdk17ApplicationTestsContext.groovy] does not exist
13:14:20.942 [Test worker] INFO org.springframework.test.context.support.AbstractContextLoader - Could not detect default resource locations for test class [nl.realworks.hellojdk17.HelloJdk17ApplicationTests]: no resource found for suffixes {-context.xml, Context.groovy}.
13:14:20.943 [Test worker] INFO org.springframework.test.context.support.AnnotationConfigContextLoaderUtils - Could not detect default configuration classes for test class [nl.realworks.hellojdk17.HelloJdk17ApplicationTests]: HelloJdk17ApplicationTests does not declare any static, non-private, non-final, nested classes annotated with @Configuration.
13:14:21.051 [Test worker] DEBUG org.springframework.test.context.support.ActiveProfilesUtils - Could not find an 'annotation declaring class' for annotation type [org.springframework.test.context.ActiveProfiles] and class [nl.realworks.hellojdk17.HelloJdk17ApplicationTests]
13:14:21.200 [Test worker] DEBUG org.springframework.context.annotation.ClassPathScanningCandidateComponentProvider - Identified candidate component class: file [/Users/cagri/Dev/hello-jdk17/build/classes/java/main/nl/realworks/hellojdk17/HelloJdk17Application.class]
13:14:21.206 [Test worker] INFO org.springframework.boot.test.context.SpringBootTestContextBootstrapper - Found @SpringBootConfiguration nl.realworks.hellojdk17.HelloJdk17Application for test class nl.realworks.hellojdk17.HelloJdk17ApplicationTests
13:14:21.316 [Test worker] DEBUG org.springframework.boot.test.context.SpringBootTestContextBootstrapper - @TestExecutionListeners is not present for class [nl.realworks.hellojdk17.HelloJdk17ApplicationTests]: using defaults.
13:14:21.317 [Test worker] INFO org.springframework.boot.test.context.SpringBootTestContextBootstrapper - Loaded default TestExecutionListener class names from location [META-INF/spring.factories]: [org.springframework.boot.test.autoconfigure.restdocs.RestDocsTestExecutionListener, org.springframework.boot.test.autoconfigure.web.client.MockRestServiceServerResetTestExecutionListener, org.springframework.boot.test.autoconfigure.web.servlet.MockMvcPrintOnlyOnFailureTestExecutionListener, org.springframework.boot.test.autoconfigure.web.servlet.WebDriverTestExecutionListener, org.springframework.boot.test.autoconfigure.webservices.client.MockWebServiceServerTestExecutionListener, org.springframework.boot.test.mock.mockito.MockitoTestExecutionListener, org.springframework.boot.test.mock.mockito.ResetMocksTestExecutionListener, org.springframework.test.context.web.ServletTestExecutionListener, org.springframework.test.context.support.DirtiesContextBeforeModesTestExecutionListener, org.springframework.test.context.event.ApplicationEventsTestExecutionListener, org.springframework.test.context.support.DependencyInjectionTestExecutionListener, org.springframework.test.context.support.DirtiesContextTestExecutionListener, org.springframework.test.context.transaction.TransactionalTestExecutionListener, org.springframework.test.context.jdbc.SqlScriptsTestExecutionListener, org.springframework.test.context.event.EventPublishingTestExecutionListener]
13:14:21.343 [Test worker] INFO org.springframework.boot.test.context.SpringBootTestContextBootstrapper - Using TestExecutionListeners: [org.springframework.test.context.web.ServletTestExecutionListener@12dae582, org.springframework.test.context.support.DirtiesContextBeforeModesTestExecutionListener@239b0f9d, org.springframework.test.context.event.ApplicationEventsTestExecutionListener@619bfe29, org.springframework.boot.test.mock.mockito.MockitoTestExecutionListener@5b057c8c, org.springframework.boot.test.autoconfigure.SpringBootDependencyInjectionTestExecutionListener@1eb6749b, org.springframework.test.context.support.DirtiesContextTestExecutionListener@652a7737, org.springframework.test.context.transaction.TransactionalTestExecutionListener@5b7ea70d, org.springframework.test.context.jdbc.SqlScriptsTestExecutionListener@2bef51f2, org.springframework.test.context.event.EventPublishingTestExecutionListener@650eab8, org.springframework.boot.test.autoconfigure.restdocs.RestDocsTestExecutionListener@30f5a68a, org.springframework.boot.test.autoconfigure.web.client.MockRestServiceServerResetTestExecutionListener@1e1d3956, org.springframework.boot.test.autoconfigure.web.servlet.MockMvcPrintOnlyOnFailureTestExecutionListener@4f2c9ba6, org.springframework.boot.test.autoconfigure.web.servlet.WebDriverTestExecutionListener@4e28bdd1, org.springframework.boot.test.autoconfigure.webservices.client.MockWebServiceServerTestExecutionListener@53f48368, org.springframework.boot.test.mock.mockito.ResetMocksTestExecutionListener@24d4d7c9]
13:14:21.347 [Test worker] DEBUG org.springframework.test.context.support.AbstractDirtiesContextTestExecutionListener - Before test class: context [DefaultTestContext@c260bdc testClass = HelloJdk17ApplicationTests, testInstance = [null], testMethod = [null], testException = [null], mergedContextConfiguration = [WebMergedContextConfiguration@75e01201 testClass = HelloJdk17ApplicationTests, locations = '{}', classes = '{class nl.realworks.hellojdk17.HelloJdk17Application}', contextInitializerClasses = '[]', activeProfiles = '{}', propertySourceLocations = '{}', propertySourceProperties = '{org.springframework.boot.test.context.SpringBootTestContextBootstrapper=true}', contextCustomizers = set[org.springframework.boot.test.autoconfigure.actuate.metrics.MetricsExportContextCustomizerFactory$DisableMetricExportContextCustomizer@68702e03, org.springframework.boot.test.autoconfigure.properties.PropertyMappingContextCustomizer@0, org.springframework.boot.test.autoconfigure.web.servlet.WebDriverContextCustomizerFactory$Customizer@3d9c13b5, org.springframework.boot.test.context.filter.ExcludeFilterContextCustomizer@7582ff54, org.springframework.boot.test.json.DuplicateJsonObjectContextCustomizerFactory$DuplicateJsonObjectContextCustomizer@5f354bcf, org.springframework.boot.test.mock.mockito.MockitoContextCustomizer@0, org.springframework.boot.test.web.client.TestRestTemplateContextCustomizer@1800a575, org.springframework.boot.test.context.SpringBootTestArgs@1, org.springframework.boot.test.context.SpringBootTestWebEnvironment@2118cddf], resourceBasePath = 'src/main/webapp', contextLoader = 'org.springframework.boot.test.context.SpringBootContextLoader', parent = [null]], attributes = map['org.springframework.test.context.web.ServletTestExecutionListener.activateListener' -> true]], class annotated with @DirtiesContext [false] with mode [null].
13:14:21.382 [Test worker] DEBUG org.springframework.test.context.support.TestPropertySourceUtils - Adding inlined properties to environment: {spring.jmx.enabled=false, org.springframework.boot.test.context.SpringBootTestContextBootstrapper=true}

  .   ____          _            __ _ _
 /\\ / ___'_ __ _ _(_)_ __  __ _ \ \ \ \
( ( )\___ | '_ | '_| | '_ \/ _` | \ \ \ \
 \\/  ___)| |_)| | | | | || (_| |  ) ) ) )
  '  |____| .__|_| |_|_| |_\__, | / / / /
 =========|_|==============|___/=/_/_/_/
 :: Spring Boot ::                (v2.5.5)

2021-10-26 13:14:21.861  INFO 40716 --- [    Test worker] n.r.h.HelloJdk17ApplicationTests         : Starting HelloJdk17ApplicationTests using Java 17 on LA-CDURSUN with PID 40716 (started by cagri in /Users/cagri/Dev/hello-jdk17)
2021-10-26 13:14:21.865  INFO 40716 --- [    Test worker] n.r.h.HelloJdk17ApplicationTests         : No active profile set, falling back to default profiles: default
2021-10-26 13:14:23.102  INFO 40716 --- [    Test worker] .s.d.r.c.RepositoryConfigurationDelegate : Bootstrapping Spring Data JPA repositories in DEFAULT mode.
2021-10-26 13:14:23.165  INFO 40716 --- [    Test worker] .s.d.r.c.RepositoryConfigurationDelegate : Finished Spring Data repository scanning in 55 ms. Found 2 JPA repository interfaces.
2021-10-26 13:14:23.732  INFO 40716 --- [    Test worker] com.zaxxer.hikari.HikariDataSource       : HikariPool-1 - Starting...
2021-10-26 13:14:23.908  INFO 40716 --- [    Test worker] com.zaxxer.hikari.HikariDataSource       : HikariPool-1 - Start completed.
2021-10-26 13:14:23.980  INFO 40716 --- [    Test worker] o.hibernate.jpa.internal.util.LogHelper  : HHH000204: Processing PersistenceUnitInfo [name: default]
2021-10-26 13:14:24.047  INFO 40716 --- [    Test worker] org.hibernate.Version                    : HHH000412: Hibernate ORM core version 5.4.32.Final
2021-10-26 13:14:24.187  INFO 40716 --- [    Test worker] o.hibernate.annotations.common.Version   : HCANN000001: Hibernate Commons Annotations {5.1.2.Final}
2021-10-26 13:14:24.314  INFO 40716 --- [    Test worker] org.hibernate.dialect.Dialect            : HHH000400: Using dialect: org.hibernate.dialect.H2Dialect
2021-10-26 13:14:24.727  INFO 40716 --- [    Test worker] o.h.e.t.j.p.i.JtaPlatformInitiator       : HHH000490: Using JtaPlatform implementation: [org.hibernate.engine.transaction.jta.platform.internal.NoJtaPlatform]
2021-10-26 13:14:24.733  INFO 40716 --- [    Test worker] j.LocalContainerEntityManagerFactoryBean : Initialized JPA EntityManagerFactory for persistence unit 'default'
2021-10-26 13:14:25.594  WARN 40716 --- [    Test worker] JpaBaseConfiguration$JpaWebConfiguration : spring.jpa.open-in-view is enabled by default. Therefore, database queries may be performed during view rendering. Explicitly configure spring.jpa.open-in-view to disable this warning
2021-10-26 13:14:27.052  INFO 40716 --- [    Test worker] o.s.b.a.e.web.EndpointLinksResolver      : Exposing 1 endpoint(s) beneath base path '/actuator'
2021-10-26 13:14:27.111  INFO 40716 --- [    Test worker] n.r.h.HelloJdk17ApplicationTests         : Started HelloJdk17ApplicationTests in 5.722 seconds (JVM running for 7.482)
]]></system-out>
  <system-err><![CDATA[]]></system-err>
</testsuite>
